2024-12-30 07:05:35,677 [INFO] Activator:176 - 


2024-12-30 07:05:35,683 [INFO] Activator:177 - !SESSION log4j initialized
2024-12-30 07:05:38,744 [INFO] LogOutputStream:77 - [STDOUT_REDIRECT] 
2024-12-30 07:05:46,079 [INFO] ApplicationProperties:184 - Using Application install path: C:\ST\STM32CubeIDE_1.16.0\STM32CubeIDE\plugins\com.st.stm32cube.common.mx_6.12.0.202406281431
2024-12-30 07:05:46,138 [INFO] DbMcusXml:78 - Set database path to: C:\ST\STM32CubeIDE_1.16.0\STM32CubeIDE\plugins\com.st.stm32cube.common.mx_6.12.0.202406281431\\db\/mcu/
2024-12-30 07:05:46,139 [INFO] ApiDb:274 - Set plugin database path to: C:\ST\STM32CubeIDE_1.16.0\STM32CubeIDE\plugins\com.st.stm32cube.common.mx_6.12.0.202406281431\\db\/plugins/boardmanager/
2024-12-30 07:05:46,142 [WARN] ApiDb:259 - Overriding images path with different value:  => C:\ST\STM32CubeIDE_1.16.0\STM32CubeIDE\plugins\com.st.stm32cube.common.mx_6.12.0.202406281431\\db\/plugins/mcufinder/images/
2024-12-30 07:05:46,153 [INFO] ApiDb:250 - Set database path to: C:\Users\elect\.stmcufinder\plugins\mcufinder//mcu/
2024-12-30 07:05:46,155 [INFO] DbMcusAds:125 - Set database path to: C:\Users\elect\.stmcufinder\plugins\mcufinder//mcu/
2024-12-30 07:05:46,161 [INFO] CrossReferenceDbSqlite:203 - Set database path to: C:\Users\elect\.stmcufinder\plugins\mcufinder//mcu/cs/
2024-12-30 07:05:46,459 [INFO] RulesReader:64 - Compatibility file has been processed (297 Rules)
2024-12-30 07:05:46,605 [INFO] DbMcusXml:78 - Set database path to: C:\ST\STM32CubeIDE_1.16.0\STM32CubeIDE\plugins\com.st.stm32cube.common.mx_6.12.0.202406281431\\db\/mcu/
2024-12-30 07:05:46,605 [INFO] ApiDb:274 - Set plugin database path to: C:\ST\STM32CubeIDE_1.16.0\STM32CubeIDE\plugins\com.st.stm32cube.common.mx_6.12.0.202406281431\\db\/plugins/boardmanager/
2024-12-30 07:05:46,605 [INFO] ApiDb:261 - Set plugin images path to: C:\ST\STM32CubeIDE_1.16.0\STM32CubeIDE\plugins\com.st.stm32cube.common.mx_6.12.0.202406281431\\db\/plugins/mcufinder/images/
2024-12-30 07:05:46,605 [WARN] DbFile:41 - Overriding database path with different value: C:\Users\elect\.stmcufinder\plugins\mcufinder/ => C:\Users\elect\.stmcufinder\plugins\mcufinder
2024-12-30 07:05:46,606 [INFO] ApiDb:250 - Set database path to: C:\Users\elect\.stmcufinder\plugins\mcufinder//mcu/
2024-12-30 07:05:46,606 [WARN] DbFile:41 - Overriding database path with different value: C:\Users\elect\.stmcufinder\plugins\mcufinder/ => C:\Users\elect\.stmcufinder\plugins\mcufinder
2024-12-30 07:05:46,606 [INFO] DbMcusAds:125 - Set database path to: C:\Users\elect\.stmcufinder\plugins\mcufinder//mcu/
2024-12-30 07:05:46,606 [WARN] DbFile:41 - Overriding database path with different value: C:\Users\elect\.stmcufinder\plugins\mcufinder/ => C:\Users\elect\.stmcufinder\plugins\mcufinder
2024-12-30 07:05:46,606 [WARN] DbFile:41 - Overriding database path with different value: C:\Users\elect\.stmcufinder\plugins\mcufinder/ => C:\Users\elect\.stmcufinder\plugins\mcufinder
2024-12-30 07:05:46,606 [INFO] CrossReferenceDbSqlite:203 - Set database path to: C:\Users\elect\.stmcufinder\plugins\mcufinder//mcu/cs/
2024-12-30 07:05:46,745 [INFO] MainPanel:268 - HeapMemory: 268435456
2024-12-30 07:05:46,892 [INFO] DbMcusXml:78 - Set database path to: C:\ST\STM32CubeIDE_1.16.0\STM32CubeIDE\plugins\com.st.stm32cube.common.mx_6.12.0.202406281431\\db\/mcu/
2024-12-30 07:05:46,892 [INFO] ApiDb:274 - Set plugin database path to: C:\ST\STM32CubeIDE_1.16.0\STM32CubeIDE\plugins\com.st.stm32cube.common.mx_6.12.0.202406281431\\db\/plugins/boardmanager/
2024-12-30 07:05:46,892 [INFO] ApiDb:261 - Set plugin images path to: C:\ST\STM32CubeIDE_1.16.0\STM32CubeIDE\plugins\com.st.stm32cube.common.mx_6.12.0.202406281431\\db\/plugins/mcufinder/images/
2024-12-30 07:05:46,892 [WARN] DbFile:41 - Overriding database path with different value: C:\Users\elect\.stmcufinder\plugins\mcufinder/ => C:\Users\elect\.stmcufinder\plugins\mcufinder
2024-12-30 07:05:46,892 [INFO] ApiDb:250 - Set database path to: C:\Users\elect\.stmcufinder\plugins\mcufinder//mcu/
2024-12-30 07:05:46,892 [WARN] DbFile:41 - Overriding database path with different value: C:\Users\elect\.stmcufinder\plugins\mcufinder/ => C:\Users\elect\.stmcufinder\plugins\mcufinder
2024-12-30 07:05:46,892 [INFO] DbMcusAds:125 - Set database path to: C:\Users\elect\.stmcufinder\plugins\mcufinder//mcu/
2024-12-30 07:05:46,892 [WARN] DbFile:41 - Overriding database path with different value: C:\Users\elect\.stmcufinder\plugins\mcufinder/ => C:\Users\elect\.stmcufinder\plugins\mcufinder
2024-12-30 07:05:46,892 [WARN] DbFile:41 - Overriding database path with different value: C:\Users\elect\.stmcufinder\plugins\mcufinder/ => C:\Users\elect\.stmcufinder\plugins\mcufinder
2024-12-30 07:05:46,892 [INFO] CrossReferenceDbSqlite:203 - Set database path to: C:\Users\elect\.stmcufinder\plugins\mcufinder//mcu/cs/
2024-12-30 07:05:46,909 [INFO] ApplicationProperties:184 - Using Application install path: C:\ST\STM32CubeIDE_1.16.0\STM32CubeIDE\plugins\com.st.stm32cube.common.mx_6.12.0.202406281431
2024-12-30 07:05:46,910 [INFO] PluginManage:196 - Search for loadable plugins [exclusion list=, ]
2024-12-30 07:05:46,911 [INFO] PluginManage:310 - Check plugin analytics
2024-12-30 07:05:47,108 [INFO] AnalyticsPlugin:253 - Accepted Software Licenses: STM32CubeMX.6.1.1,STM32CubeMX.6.12.0
2024-12-30 07:05:47,108 [INFO] AnalyticsPlugin:255 - Accepted CMSIS Pack Licenses: STMicroelectronics.X-CUBE-TCPP.4.1.0
2024-12-30 07:05:47,109 [INFO] AnalyticsPlugin:257 - Accepted Firmware Licenses: FW.G4.1.6.0
2024-12-30 07:05:47,112 [INFO] PluginManage:359 - Loaded plugin analytics (category:tool,tabindex:-1)
2024-12-30 07:05:47,112 [INFO] PluginManage:310 - Check plugin cadmodel
2024-12-30 07:05:47,115 [INFO] CADModel:105 - Init CAD model plugin
2024-12-30 07:05:47,116 [INFO] PluginManage:359 - Loaded plugin cadmodel (category:power,tabindex:5)
2024-12-30 07:05:47,116 [INFO] PluginManage:310 - Check plugin clock
2024-12-30 07:05:47,128 [INFO] PluginManage:359 - Loaded plugin clock (category:base,tabindex:2)
2024-12-30 07:05:47,128 [INFO] PluginManage:310 - Check plugin ddr
2024-12-30 07:05:47,132 [INFO] PluginManage:359 - Loaded plugin ddr (category:tool,tabindex:6)
2024-12-30 07:05:47,132 [INFO] PluginManage:310 - Check plugin filemanager
2024-12-30 07:05:47,248 [INFO] PluginManage:359 - Loaded plugin filemanager (category:base,tabindex:10)
2024-12-30 07:05:47,249 [INFO] PluginManage:310 - Check plugin ipmanager
2024-12-30 07:05:47,254 [INFO] PluginManage:359 - Loaded plugin ipmanager (category:base,tabindex:5)
2024-12-30 07:05:47,254 [INFO] PluginManage:310 - Check plugin lpbam
2024-12-30 07:05:47,259 [INFO] PluginManage:359 - Loaded plugin lpbam (category:base,tabindex:0)
2024-12-30 07:05:47,259 [INFO] PluginManage:310 - Check plugin memorymap
2024-12-30 07:05:47,267 [INFO] PluginManage:359 - Loaded plugin memorymap (category:base,tabindex:4)
2024-12-30 07:05:47,267 [INFO] PluginManage:310 - Check plugin pinoutandconfiguration
2024-12-30 07:05:47,272 [INFO] PluginManage:359 - Loaded plugin pinoutandconfiguration (category:base,tabindex:1)
2024-12-30 07:05:47,272 [INFO] PluginManage:310 - Check plugin pinoutconfig
2024-12-30 07:05:47,400 [WARN] SupportedApi:132 - Cannot load RTOS API schema: s4s-elt-must-match.1: The content of 'definitions' must match (annotation?, (simpleType | complexType)?, (unique | key | keyref)*)). A problem was found starting at: attribute.
2024-12-30 07:05:47,544 [INFO] PluginManage:359 - Loaded plugin pinoutconfig (category:base,tabindex:0)
2024-12-30 07:05:47,544 [INFO] PluginManage:310 - Check plugin power
2024-12-30 07:05:47,550 [INFO] PluginManage:359 - Loaded plugin power (category:power,tabindex:4)
2024-12-30 07:05:47,550 [INFO] PluginManage:310 - Check plugin projectmanager
2024-12-30 07:05:47,565 [INFO] PluginManage:359 - Loaded plugin projectmanager (category:projectmanager,tabindex:4)
2024-12-30 07:05:47,565 [INFO] PluginManage:310 - Check plugin rif
2024-12-30 07:05:47,568 [INFO] PluginManage:359 - Loaded plugin rif (category:base,tabindex:3)
2024-12-30 07:05:47,568 [INFO] PluginManage:310 - Check plugin thirdparty
2024-12-30 07:05:47,676 [WARN] IntegrityCheckThread:84 - waiting for thirdparty lock release [integrity check]
2024-12-30 07:05:47,676 [INFO] IntegrityCheckThread:86 - entering critical section [integrity check]
2024-12-30 07:05:47,677 [INFO] PluginManage:359 - Loaded plugin thirdparty (category:base,tabindex:-1)
2024-12-30 07:05:47,677 [INFO] PluginManage:310 - Check plugin tools
2024-12-30 07:05:47,677 [INFO] ThirdPartyUpdaterWithRetryManager:70 - Updater plugin not ready yet. [1/15]
2024-12-30 07:05:47,681 [INFO] PluginManage:359 - Loaded plugin tools (category:base,tabindex:7)
2024-12-30 07:05:47,681 [INFO] PluginManage:310 - Check plugin tutovideos
2024-12-30 07:05:47,806 [INFO] PluginManage:359 - Loaded plugin tutovideos (category:base,tabindex:-1)
2024-12-30 07:05:47,807 [INFO] PluginManage:310 - Check plugin updater
2024-12-30 07:05:47,820 [INFO] PluginManage:359 - Loaded plugin updater (category:base,tabindex:12)
2024-12-30 07:05:47,820 [INFO] PluginManage:310 - Check plugin userauth
2024-12-30 07:05:47,823 [INFO] UserAuth:113 - Init User Auth plugin
2024-12-30 07:05:47,823 [INFO] PluginManage:359 - Loaded plugin userauth (category:base,tabindex:14)
2024-12-30 07:05:47,823 [INFO] PluginManage:283 - PluginManage : Loaded plugins [18]
2024-12-30 07:05:47,965 [INFO] PinOutPanel:1561 - setPackage(No Configuration,No Configuration)
2024-12-30 07:05:48,040 [INFO] CADModel:165 - CPN selected for project level
2024-12-30 07:05:48,041 [INFO] CADModel:114 - Register for checkConnection events
2024-12-30 07:05:48,052 [INFO] IPUIPlugin:80 - create IPUIPlugin
2024-12-30 07:05:48,053 [INFO] PluginManager:220 - loadIPPluginJar : add adc
2024-12-30 07:05:48,056 [INFO] IPUIPlugin:80 - create IPUIPlugin
2024-12-30 07:05:48,056 [INFO] PluginManager:220 - loadIPPluginJar : add aes
2024-12-30 07:05:48,057 [INFO] IPUIPlugin:80 - create IPUIPlugin
2024-12-30 07:05:48,057 [INFO] PluginManager:220 - loadIPPluginJar : add can
2024-12-30 07:05:48,057 [INFO] IPUIPlugin:80 - create IPUIPlugin
2024-12-30 07:05:48,057 [INFO] PluginManager:220 - loadIPPluginJar : add comp
2024-12-30 07:05:48,059 [INFO] IPUIPlugin:80 - create IPUIPlugin
2024-12-30 07:05:48,059 [INFO] PluginManager:220 - loadIPPluginJar : add cryp
2024-12-30 07:05:48,060 [INFO] IPUIPlugin:80 - create IPUIPlugin
2024-12-30 07:05:48,060 [INFO] PluginManager:220 - loadIPPluginJar : add ddr_ctrl_phy
2024-12-30 07:05:48,062 [INFO] IPUIPlugin:80 - create IPUIPlugin
2024-12-30 07:05:48,062 [INFO] PluginManager:220 - loadIPPluginJar : add dfsdm
2024-12-30 07:05:48,066 [INFO] IPUIPlugin:80 - create IPUIPlugin
2024-12-30 07:05:48,067 [INFO] PluginManager:220 - loadIPPluginJar : add dma
2024-12-30 07:05:48,068 [INFO] IPUIPlugin:80 - create IPUIPlugin
2024-12-30 07:05:48,068 [INFO] PluginManager:220 - loadIPPluginJar : add dma3
2024-12-30 07:05:48,070 [INFO] IPUIPlugin:80 - create IPUIPlugin
2024-12-30 07:05:48,070 [INFO] PluginManager:220 - loadIPPluginJar : add extmemmanager
2024-12-30 07:05:48,071 [INFO] IPUIPlugin:80 - create IPUIPlugin
2024-12-30 07:05:48,071 [INFO] PluginManager:220 - loadIPPluginJar : add fatfs
2024-12-30 07:05:48,075 [INFO] IPUIPlugin:80 - create IPUIPlugin
2024-12-30 07:05:48,075 [INFO] PluginManager:220 - loadIPPluginJar : add fmc
2024-12-30 07:05:48,080 [INFO] IPUIPlugin:80 - create IPUIPlugin
2024-12-30 07:05:48,080 [INFO] PluginManager:220 - loadIPPluginJar : add freertos
2024-12-30 07:05:48,080 [INFO] IPUIPlugin:80 - create IPUIPlugin
2024-12-30 07:05:48,080 [INFO] PluginManager:220 - loadIPPluginJar : add genericplugin
2024-12-30 07:05:48,082 [INFO] IPUIPlugin:80 - create IPUIPlugin
2024-12-30 07:05:48,083 [INFO] PluginManager:220 - loadIPPluginJar : add gfxmmu
2024-12-30 07:05:48,086 [INFO] IPUIPlugin:80 - create IPUIPlugin
2024-12-30 07:05:48,086 [INFO] PluginManager:220 - loadIPPluginJar : add gic
2024-12-30 07:05:48,088 [INFO] IPUIPlugin:80 - create IPUIPlugin
2024-12-30 07:05:48,088 [INFO] PluginManager:220 - loadIPPluginJar : add gpio
2024-12-30 07:05:48,090 [INFO] IPUIPlugin:80 - create IPUIPlugin
2024-12-30 07:05:48,090 [INFO] PluginManager:220 - loadIPPluginJar : add gtzc
2024-12-30 07:05:48,092 [INFO] IPUIPlugin:80 - create IPUIPlugin
2024-12-30 07:05:48,092 [INFO] PluginManager:220 - loadIPPluginJar : add hash
2024-12-30 07:05:48,094 [INFO] IPUIPlugin:80 - create IPUIPlugin
2024-12-30 07:05:48,094 [INFO] PluginManager:220 - loadIPPluginJar : add i2c
2024-12-30 07:05:48,096 [INFO] IPUIPlugin:80 - create IPUIPlugin
2024-12-30 07:05:48,096 [INFO] PluginManager:220 - loadIPPluginJar : add i2s
2024-12-30 07:05:48,098 [INFO] IPUIPlugin:80 - create IPUIPlugin
2024-12-30 07:05:48,098 [INFO] PluginManager:220 - loadIPPluginJar : add i3c
2024-12-30 07:05:48,100 [INFO] IPUIPlugin:80 - create IPUIPlugin
2024-12-30 07:05:48,100 [INFO] PluginManager:220 - loadIPPluginJar : add ipddr
2024-12-30 07:05:48,104 [INFO] IPUIPlugin:80 - create IPUIPlugin
2024-12-30 07:05:48,105 [INFO] PluginManager:220 - loadIPPluginJar : add linkedlist
2024-12-30 07:05:48,107 [INFO] IPUIPlugin:80 - create IPUIPlugin
2024-12-30 07:05:48,107 [INFO] PluginManager:220 - loadIPPluginJar : add lorawan
2024-12-30 07:05:48,108 [INFO] IPUIPlugin:80 - create IPUIPlugin
2024-12-30 07:05:48,109 [INFO] PluginManager:220 - loadIPPluginJar : add ltdc
2024-12-30 07:05:48,113 [INFO] IPUIPlugin:80 - create IPUIPlugin
2024-12-30 07:05:48,113 [INFO] PluginManager:220 - loadIPPluginJar : add mdma
2024-12-30 07:05:48,115 [INFO] IPUIPlugin:80 - create IPUIPlugin
2024-12-30 07:05:48,115 [INFO] PluginManager:220 - loadIPPluginJar : add nvic
2024-12-30 07:05:48,117 [INFO] IPUIPlugin:80 - create IPUIPlugin
2024-12-30 07:05:48,117 [INFO] PluginManager:220 - loadIPPluginJar : add opamp
2024-12-30 07:05:48,119 [INFO] IPUIPlugin:80 - create IPUIPlugin
2024-12-30 07:05:48,120 [INFO] PluginManager:220 - loadIPPluginJar : add openamp
2024-12-30 07:05:48,122 [INFO] IPUIPlugin:80 - create IPUIPlugin
2024-12-30 07:05:48,122 [INFO] PluginManager:220 - loadIPPluginJar : add pdm2pcm
2024-12-30 07:05:48,125 [INFO] IPUIPlugin:80 - create IPUIPlugin
2024-12-30 07:05:48,127 [INFO] PluginManager:220 - loadIPPluginJar : add plateformsettings
2024-12-30 07:05:48,129 [INFO] IPUIPlugin:80 - create IPUIPlugin
2024-12-30 07:05:48,129 [INFO] PluginManager:220 - loadIPPluginJar : add quadspi
2024-12-30 07:05:48,130 [INFO] IPUIPlugin:80 - create IPUIPlugin
2024-12-30 07:05:48,130 [INFO] PluginManager:220 - loadIPPluginJar : add radio
2024-12-30 07:05:48,132 [INFO] IPUIPlugin:80 - create IPUIPlugin
2024-12-30 07:05:48,132 [INFO] PluginManager:220 - loadIPPluginJar : add resmgrutility
2024-12-30 07:05:48,134 [INFO] IPUIPlugin:80 - create IPUIPlugin
2024-12-30 07:05:48,134 [INFO] PluginManager:220 - loadIPPluginJar : add sai
2024-12-30 07:05:48,135 [INFO] IPUIPlugin:80 - create IPUIPlugin
2024-12-30 07:05:48,135 [INFO] PluginManager:220 - loadIPPluginJar : add spi
2024-12-30 07:05:48,138 [INFO] IPUIPlugin:80 - create IPUIPlugin
2024-12-30 07:05:48,139 [INFO] PluginManager:220 - loadIPPluginJar : add stm32_wpan
2024-12-30 07:05:48,140 [INFO] IPUIPlugin:80 - create IPUIPlugin
2024-12-30 07:05:48,140 [INFO] PluginManager:220 - loadIPPluginJar : add tim
2024-12-30 07:05:48,141 [INFO] IPUIPlugin:80 - create IPUIPlugin
2024-12-30 07:05:48,141 [INFO] PluginManager:220 - loadIPPluginJar : add touchsensing
2024-12-30 07:05:48,143 [INFO] IPUIPlugin:80 - create IPUIPlugin
2024-12-30 07:05:48,143 [INFO] PluginManager:220 - loadIPPluginJar : add tracer_emb
2024-12-30 07:05:48,144 [INFO] IPUIPlugin:80 - create IPUIPlugin
2024-12-30 07:05:48,144 [INFO] PluginManager:220 - loadIPPluginJar : add ts
2024-12-30 07:05:48,145 [INFO] IPUIPlugin:80 - create IPUIPlugin
2024-12-30 07:05:48,145 [INFO] PluginManager:220 - loadIPPluginJar : add tsc
2024-12-30 07:05:48,147 [INFO] IPUIPlugin:80 - create IPUIPlugin
2024-12-30 07:05:48,147 [INFO] PluginManager:220 - loadIPPluginJar : add ucpd
2024-12-30 07:05:48,147 [INFO] IPUIPlugin:80 - create IPUIPlugin
2024-12-30 07:05:48,147 [INFO] PluginManager:220 - loadIPPluginJar : add usart
2024-12-30 07:05:48,148 [INFO] IPUIPlugin:80 - create IPUIPlugin
2024-12-30 07:05:48,149 [INFO] PluginManager:220 - loadIPPluginJar : add usbx
2024-12-30 07:05:48,261 [INFO] CADModel:165 - CPN selected for project level
2024-12-30 07:05:48,261 [INFO] CADModel:114 - Register for checkConnection events
2024-12-30 07:05:48,261 [FATAL] Updater:334 - Updater called before beeing initialized
2024-12-30 07:05:48,261 [ERROR] CADModel:125 - Updater not yet initialized, retry later 
2024-12-30 07:05:48,352 [INFO] CADModel:165 - CPN selected for project level
2024-12-30 07:05:48,352 [INFO] CADModel:114 - Register for checkConnection events
2024-12-30 07:05:48,352 [FATAL] Updater:334 - Updater called before beeing initialized
2024-12-30 07:05:48,352 [ERROR] CADModel:125 - Updater not yet initialized, retry later 
2024-12-30 07:05:48,355 [FATAL] Updater:334 - Updater called before beeing initialized
2024-12-30 07:05:48,430 [FATAL] Updater:334 - Updater called before beeing initialized
2024-12-30 07:05:48,434 [INFO] DbMcusAds:53 - JSON generation date=Tue Dec 17 11:01:15 EST 2024 (1734451275222)
2024-12-30 07:05:48,434 [FATAL] Updater:334 - Updater called before beeing initialized
2024-12-30 07:05:48,459 [WARN] DetailPanel:346 - Failed to get advertising image, set to default
2024-12-30 07:05:48,542 [FATAL] Updater:334 - Updater called before beeing initialized
2024-12-30 07:05:48,543 [FATAL] Updater:334 - Updater called before beeing initialized
2024-12-30 07:05:48,543 [FATAL] Updater:334 - Updater called before beeing initialized
2024-12-30 07:05:48,543 [WARN] DetailPanel:346 - Failed to get advertising image, set to default
2024-12-30 07:05:48,544 [FATAL] Updater:334 - Updater called before beeing initialized
2024-12-30 07:05:48,576 [ERROR] Updater:1164 - MainUpdater not yet initialized. External WinMGr cannot be set.
2024-12-30 07:05:48,578 [INFO] Updater:1100 - Updater Version found : 6.12.0
2024-12-30 07:05:48,593 [INFO] ApplicationProperties:184 - Using Application install path: C:\ST\STM32CubeIDE_1.16.0\STM32CubeIDE\plugins\com.st.stm32cube.common.mx_6.12.0.202406281431
2024-12-30 07:05:48,935 [INFO] MainUpdater:2873 - connection check result : 10
2024-12-30 07:05:48,936 [INFO] MainUpdater:290 - Updater Check For Update Now.
2024-12-30 07:05:48,936 [INFO] MicroXplorer:498 - Change Database Version : DB.6.0.120
2024-12-30 07:05:48,944 [INFO] McuFinderGlobals:63 - Set McuFinder mode to 2 (CubeIDE integrated)
2024-12-30 07:05:48,944 [INFO] UserAuth:417 - Internet connection configuration mode: 1
2024-12-30 07:05:48,981 [INFO] JxBrowserEngine:152 - Initiate JxBrowser Engine with user profile folder
2024-12-30 07:05:49,099 [INFO] CheckServerUpdateThread:120 - End of CheckServer Thread
2024-12-30 07:05:49,470 [INFO] WebApp:167 - Instantiating new browser for Auth
2024-12-30 07:05:49,937 [INFO] WebApp:448 - Apply proxy settings
2024-12-30 07:05:49,937 [INFO] WebApp:533 - Chromium requires no authentication
2024-12-30 07:05:49,942 [INFO] WebApp:476 - Direct internet connection detected
2024-12-30 07:05:49,957 [INFO] WebApp:869 - Register for checkConnection events
2024-12-30 07:05:49,957 [INFO] WebApp:448 - Apply proxy settings
2024-12-30 07:05:49,957 [INFO] WebApp:533 - Chromium requires no authentication
2024-12-30 07:05:49,957 [INFO] WebApp:476 - Direct internet connection detected
2024-12-30 07:05:50,057 [INFO] WebApp:220 - Starting web application
2024-12-30 07:05:50,057 [INFO] WebApp:578 - Web application path used C:\ST\STM32CubeIDE_1.16.0\STM32CubeIDE\plugins\com.st.stm32cube.common.mx_6.12.0.202406281431\db\plugins\mcufinder\reactClient1\index.html
2024-12-30 07:05:50,116 [INFO] UserAuth:417 - Internet connection configuration mode: 1
2024-12-30 07:05:50,361 [INFO] WebApp:186 - Connection restablished
2024-12-30 07:05:50,798 [WARN] PackLoader:240 - Cannot read IP mode file for STMicroelectronics.FP-SNS-MOTENVWB1.1.4.0
2024-12-30 07:05:50,805 [WARN] PackLoader:240 - Cannot read IP mode file for STMicroelectronics.X-CUBE-SMBUS.2.1.0
2024-12-30 07:05:50,812 [WARN] ConditionMgr:438 - getConditionDescription Invalid condition id : SIGFOX STM32 LIB Condition cause : null
2024-12-30 07:05:50,813 [WARN] ConditionMgr:438 - getConditionDescription Invalid condition id : Sigfox Third Party LIB Condition cause : null
2024-12-30 07:05:50,813 [WARN] PackLoader:240 - Cannot read IP mode file for STMicroelectronics.X-CUBE-SFXS2LP1.2.0.0
2024-12-30 07:05:50,814 [WARN] ConditionMgr:1039 - genDependencies : Invalid condition id : SIGFOX STM32 LIB Condition cause : null
2024-12-30 07:05:50,814 [WARN] ConditionMgr:1039 - genDependencies : Invalid condition id : Sigfox Third Party LIB Condition cause : null
2024-12-30 07:05:50,814 [WARN] ConditionMgr:1039 - genDependencies : Invalid condition id : Sigfox Third Party LIB Condition cause : null
2024-12-30 07:05:50,814 [WARN] ConditionMgr:1039 - genDependencies : Invalid condition id : SIGFOX STM32 LIB Condition cause : null
2024-12-30 07:05:50,814 [WARN] ConditionMgr:1039 - genDependencies : Invalid condition id : SIGFOX STM32 LIB Condition cause : null
2024-12-30 07:05:50,814 [WARN] ConditionMgr:1039 - genDependencies : Invalid condition id : Sigfox Third Party LIB Condition cause : null
2024-12-30 07:05:50,818 [WARN] PackLoader:240 - Cannot read IP mode file for STMicroelectronics.X-CUBE-TOUCHGFX.4.23.0
2024-12-30 07:05:50,820 [WARN] PackLoader:240 - Cannot read IP mode file for STMicroelectronics.X-CUBE-TOUCHGFX.4.23.2
2024-12-30 07:05:50,836 [WARN] PackLoader:240 - Cannot read IP mode file for STMicroelectronics.X-CUBE-AZRTOS-F7.1.1.0
2024-12-30 07:05:50,845 [WARN] PackLoader:240 - Cannot read IP mode file for STMicroelectronics.FP-SNS-MOTENV1.4.3.2
2024-12-30 07:05:50,850 [WARN] PackLoader:240 - Cannot read IP mode file for STMicroelectronics.X-CUBE-EEPRMA1.3.0.0
2024-12-30 07:05:50,856 [WARN] PackLoader:240 - Cannot read IP mode file for STMicroelectronics.X-CUBE-ALGOBUILD.1.1.0
2024-12-30 07:05:50,860 [WARN] PackLoader:240 - Cannot read IP mode file for STMicroelectronics.FP-SNS-FLIGHT1.5.0.2
2024-12-30 07:05:50,866 [WARN] PackLoader:240 - Cannot read IP mode file for STMicroelectronics.X-CUBE-DISPLAY.3.0.0
2024-12-30 07:05:50,874 [WARN] PackLoader:240 - Cannot read IP mode file for STMicroelectronics.X-CUBE-BLE1.7.0.0
2024-12-30 07:05:50,879 [WARN] PackLoader:240 - Cannot read IP mode file for emotas.I-CUBE-CANOPEN.1.3.0
2024-12-30 07:05:50,886 [WARN] PackLoader:240 - Cannot read IP mode file for STMicroelectronics.X-CUBE-BLEMGR.3.1.0
2024-12-30 07:05:50,892 [WARN] PackLoader:240 - Cannot read IP mode file for STMicroelectronics.FP-SNS-SMARTAG2.1.2.0
2024-12-30 07:05:50,903 [INFO] LogOutputStream:77 - [STDOUT_REDIRECT] 1 : Invalid condition id : UX_CORESTACK_Condition cause : null
2024-12-30 07:05:50,904 [INFO] LogOutputStream:77 - [STDOUT_REDIRECT] 1 : Invalid condition id : UX_CORESTACK_Condition cause : null
2024-12-30 07:05:50,905 [INFO] LogOutputStream:77 - [STDOUT_REDIRECT] 1 : Invalid condition id : UX_CORESTACK_Condition cause : null
2024-12-30 07:05:50,906 [INFO] LogOutputStream:77 - [STDOUT_REDIRECT] 1 : Invalid condition id : UX_CORESTACK_Condition cause : null
2024-12-30 07:05:50,907 [INFO] LogOutputStream:77 - [STDOUT_REDIRECT] 1 : Invalid condition id : UX_CORESTACK_Condition cause : null
2024-12-30 07:05:50,909 [WARN] PackLoader:240 - Cannot read IP mode file for STMicroelectronics.X-CUBE-AZRTOS-WL.2.0.0
2024-12-30 07:05:50,913 [WARN] PackLoader:240 - Cannot read IP mode file for STMicroelectronics.FP-SNS-MOTENV1.5.0.0
2024-12-30 07:05:50,917 [WARN] PackLoader:240 - Cannot read IP mode file for wolfSSL.I-CUBE-wolfMQTT.1.19.0
2024-12-30 07:05:50,925 [WARN] PackLoader:240 - Cannot read IP mode file for WES.I-CUBE-Cesium.1.3.0
2024-12-30 07:05:50,928 [WARN] PackLoader:240 - Cannot read IP mode file for STMicroelectronics.X-CUBE-BLE1.6.1.0
2024-12-30 07:05:50,931 [WARN] PackLoader:240 - Cannot read IP mode file for STMicroelectronics.X-CUBE-BLE2.3.3.0
2024-12-30 07:05:50,936 [WARN] PackLoader:240 - Cannot read IP mode file for STMicroelectronics.X-CUBE-TCPP.4.1.0
2024-12-30 07:05:51,025 [WARN] PackLoader:240 - Cannot read IP mode file for STMicroelectronics.X-CUBE-ALGOBUILD.1.3.0
2024-12-30 07:05:51,039 [WARN] PackLoader:240 - Cannot read IP mode file for STMicroelectronics.X-CUBE-AZRTOS-G0.1.1.0
2024-12-30 07:05:51,046 [WARN] PackLoader:240 - Cannot read IP mode file for STMicroelectronics.X-CUBE-SAFEA1.1.2.2
2024-12-30 07:05:51,051 [WARN] PackLoader:240 - Cannot read IP mode file for STMicroelectronics.X-CUBE-NFC4.3.0.0
2024-12-30 07:05:51,054 [WARN] PackLoader:240 - Cannot read IP mode file for wolfSSL.I-CUBE-wolfMQTT.1.18.0
2024-12-30 07:05:51,061 [WARN] PackLoader:240 - Cannot read IP mode file for EmbeddedOffice.I-CUBE-FS-RTOS.1.0.1
2024-12-30 07:05:51,062 [ERROR] ConditionMgr:805 - Attr not supported : Dmpu
2024-12-30 07:05:51,062 [ERROR] ConditionMgr:805 - Attr not supported : Dmpu
2024-12-30 07:05:51,062 [ERROR] ConditionMgr:805 - Attr not supported : Dmpu
2024-12-30 07:05:51,062 [ERROR] ConditionMgr:805 - Attr not supported : Dmpu
2024-12-30 07:05:51,062 [ERROR] ConditionMgr:805 - Attr not supported : Dmpu
2024-12-30 07:05:51,062 [ERROR] ConditionMgr:805 - Attr not supported : Dmpu
2024-12-30 07:05:51,062 [ERROR] ConditionMgr:805 - Attr not supported : Dmpu
2024-12-30 07:05:51,062 [ERROR] ConditionMgr:805 - Attr not supported : Dmpu
2024-12-30 07:05:51,062 [ERROR] ConditionMgr:805 - Attr not supported : Dmpu
2024-12-30 07:05:51,062 [ERROR] ConditionMgr:805 - Attr not supported : Dmpu
2024-12-30 07:05:51,062 [ERROR] ConditionMgr:805 - Attr not supported : Dmpu
2024-12-30 07:05:51,062 [ERROR] ConditionMgr:805 - Attr not supported : Dmpu
2024-12-30 07:05:51,062 [ERROR] ConditionMgr:805 - Attr not supported : Dmpu
2024-12-30 07:05:51,062 [ERROR] ConditionMgr:805 - Attr not supported : Dmpu
2024-12-30 07:05:51,062 [ERROR] ConditionMgr:805 - Attr not supported : Dmpu
2024-12-30 07:05:51,062 [ERROR] ConditionMgr:805 - Attr not supported : Dmpu
2024-12-30 07:05:51,062 [ERROR] ConditionMgr:805 - Attr not supported : Dmpu
2024-12-30 07:05:51,062 [ERROR] ConditionMgr:805 - Attr not supported : Dmpu
2024-12-30 07:05:51,062 [ERROR] ConditionMgr:805 - Attr not supported : Dmpu
2024-12-30 07:05:51,062 [ERROR] ConditionMgr:805 - Attr not supported : Dmpu
2024-12-30 07:05:51,062 [ERROR] ConditionMgr:805 - Attr not supported : Dmpu
2024-12-30 07:05:51,062 [ERROR] ConditionMgr:805 - Attr not supported : Dmpu
2024-12-30 07:05:51,062 [ERROR] ConditionMgr:805 - Attr not supported : Dmpu
2024-12-30 07:05:51,062 [ERROR] ConditionMgr:805 - Attr not supported : Dmpu
2024-12-30 07:05:51,062 [ERROR] ConditionMgr:805 - Attr not supported : Dmpu
2024-12-30 07:05:51,062 [ERROR] ConditionMgr:805 - Attr not supported : Dmpu
2024-12-30 07:05:51,062 [ERROR] ConditionMgr:805 - Attr not supported : Dmpu
2024-12-30 07:05:51,062 [ERROR] ConditionMgr:805 - Attr not supported : Dmpu
2024-12-30 07:05:51,062 [ERROR] ConditionMgr:805 - Attr not supported : Dmpu
2024-12-30 07:05:51,062 [ERROR] ConditionMgr:805 - Attr not supported : Dmpu
2024-12-30 07:05:51,062 [ERROR] ConditionMgr:805 - Attr not supported : Dmpu
2024-12-30 07:05:51,062 [ERROR] ConditionMgr:805 - Attr not supported : Dmpu
2024-12-30 07:05:51,062 [ERROR] ConditionMgr:805 - Attr not supported : Dmpu
2024-12-30 07:05:51,062 [ERROR] ConditionMgr:805 - Attr not supported : Dmpu
2024-12-30 07:05:51,062 [ERROR] ConditionMgr:805 - Attr not supported : Dmpu
2024-12-30 07:05:51,062 [ERROR] ConditionMgr:805 - Attr not supported : Dmpu
2024-12-30 07:05:51,062 [ERROR] ConditionMgr:805 - Attr not supported : Dmpu
2024-12-30 07:05:51,062 [ERROR] ConditionMgr:805 - Attr not supported : Dmpu
2024-12-30 07:05:51,063 [ERROR] ConditionMgr:805 - Attr not supported : Dmpu
2024-12-30 07:05:51,063 [ERROR] ConditionMgr:805 - Attr not supported : Dmpu
2024-12-30 07:05:51,063 [ERROR] ConditionMgr:805 - Attr not supported : Dmpu
2024-12-30 07:05:51,063 [ERROR] ConditionMgr:805 - Attr not supported : Dmpu
2024-12-30 07:05:51,063 [ERROR] ConditionMgr:805 - Attr not supported : Dmpu
2024-12-30 07:05:51,063 [ERROR] ConditionMgr:805 - Attr not supported : Dmpu
2024-12-30 07:05:51,063 [ERROR] ConditionMgr:805 - Attr not supported : Dmpu
2024-12-30 07:05:51,063 [ERROR] ConditionMgr:805 - Attr not supported : Dmpu
2024-12-30 07:05:51,063 [ERROR] ConditionMgr:805 - Attr not supported : Dmpu
2024-12-30 07:05:51,063 [ERROR] ConditionMgr:805 - Attr not supported : Dmpu
2024-12-30 07:05:51,063 [ERROR] ConditionMgr:805 - Attr not supported : Dmpu
2024-12-30 07:05:51,063 [ERROR] ConditionMgr:805 - Attr not supported : Dmpu
2024-12-30 07:05:51,063 [ERROR] ConditionMgr:805 - Attr not supported : Dmpu
2024-12-30 07:05:51,063 [ERROR] ConditionMgr:805 - Attr not supported : Dmpu
2024-12-30 07:05:51,063 [ERROR] ConditionMgr:805 - Attr not supported : Dmpu
2024-12-30 07:05:51,063 [ERROR] ConditionMgr:805 - Attr not supported : Dmpu
2024-12-30 07:05:51,063 [ERROR] ConditionMgr:805 - Attr not supported : Dmpu
2024-12-30 07:05:51,063 [ERROR] ConditionMgr:805 - Attr not supported : Dmpu
2024-12-30 07:05:51,063 [ERROR] ConditionMgr:805 - Attr not supported : Dmpu
2024-12-30 07:05:51,063 [ERROR] ConditionMgr:805 - Attr not supported : Dmpu
2024-12-30 07:05:51,063 [ERROR] ConditionMgr:805 - Attr not supported : Dmpu
2024-12-30 07:05:51,063 [ERROR] ConditionMgr:805 - Attr not supported : Dmpu
2024-12-30 07:05:51,063 [ERROR] ConditionMgr:805 - Attr not supported : Dmpu
2024-12-30 07:05:51,063 [ERROR] ConditionMgr:805 - Attr not supported : Dmpu
2024-12-30 07:05:51,063 [ERROR] ConditionMgr:805 - Attr not supported : Dmpu
2024-12-30 07:05:51,063 [ERROR] ConditionMgr:805 - Attr not supported : Dmpu
2024-12-30 07:05:51,069 [WARN] PackLoader:240 - Cannot read IP mode file for STMicroelectronics.X-CUBE-BLEMGR.3.0.0
2024-12-30 07:05:51,074 [WARN] PackLoader:240 - Cannot read IP mode file for RealThread.X-CUBE-RT-Thread_Nano.4.1.1
2024-12-30 07:05:51,077 [WARN] PackLoader:240 - Cannot read IP mode file for STMicroelectronics.FP-ATR-SIGFOX1.3.2.0
2024-12-30 07:05:51,081 [WARN] PackLoader:240 - Cannot read IP mode file for STMicroelectronics.X-CUBE-EEPRMA1.5.1.0
2024-12-30 07:05:51,100 [WARN] PackLoader:240 - Cannot read IP mode file for SEGGER.I-CUBE-embOS.1.3.1
2024-12-30 07:05:51,127 [WARN] PackLoader:240 - Cannot read IP mode file for STMicroelectronics.X-CUBE-ALGOBUILD.1.4.0
2024-12-30 07:05:51,129 [WARN] PackLoader:240 - Cannot read IP mode file for STMicroelectronics.X-CUBE-TOUCHGFX.4.16.0
2024-12-30 07:05:51,134 [WARN] PackLoader:240 - Cannot read IP mode file for STMicroelectronics.X-CUBE-BLE2.3.1.0
2024-12-30 07:05:51,139 [WARN] PackLoader:240 - Cannot read IP mode file for STMicroelectronics.X-CUBE-GNSS1.6.0.0
2024-12-30 07:05:51,172 [WARN] PackLoader:240 - Cannot read IP mode file for STMicroelectronics.X-CUBE-AZRTOS-F4.1.1.0
2024-12-30 07:05:51,179 [WARN] PackLoader:240 - Cannot read IP mode file for STMicroelectronics.X-CUBE-FREERTOS.1.2.0
2024-12-30 07:05:51,183 [WARN] PackLoader:240 - Cannot read IP mode file for wolfSSL.I-CUBE-wolfSSL.5.6.6
2024-12-30 07:05:51,194 [WARN] PackLoader:240 - Cannot read IP mode file for STMicroelectronics.X-CUBE-AZRTOS-L5.2.0.0
2024-12-30 07:05:51,198 [WARN] PackLoader:240 - Cannot read IP mode file for STMicroelectronics.X-CUBE-EEPRMA1.4.2.0
2024-12-30 07:05:51,202 [WARN] PackLoader:240 - Cannot read IP mode file for STMicroelectronics.X-CUBE-NFC6.3.1.0
2024-12-30 07:05:51,207 [WARN] PackLoader:240 - Cannot read IP mode file for ITTIA_DB.I-CUBE-ITTIADB.8.8.0
2024-12-30 07:05:51,210 [WARN] PackLoader:240 - Cannot read IP mode file for STMicroelectronics.X-CUBE-DPower.1.2.0
2024-12-30 07:05:51,214 [WARN] PackLoader:240 - Cannot read IP mode file for STMicroelectronics.X-CUBE-AI.9.0.0
2024-12-30 07:05:51,217 [WARN] PackLoader:240 - Cannot read IP mode file for STMicroelectronics.X-CUBE-NFC4.2.0.1
2024-12-30 07:05:51,223 [WARN] PackLoader:240 - Cannot read IP mode file for STMicroelectronics.X-CUBE-SUBG2.3.0.1
2024-12-30 07:05:51,229 [WARN] PackLoader:240 - Cannot read IP mode file for STMicroelectronics.X-CUBE-NFC7.1.0.1
2024-12-30 07:05:51,232 [WARN] PackLoader:240 - Cannot read IP mode file for wolfSSL.I-CUBE-wolfTPM.3.2.0
2024-12-30 07:05:51,237 [WARN] PackLoader:240 - Cannot read IP mode file for STMicroelectronics.X-CUBE-NFC6.3.0.0
2024-12-30 07:05:51,241 [WARN] PackLoader:240 - Cannot read IP mode file for STMicroelectronics.X-CUBE-DISPLAY.1.0.0
2024-12-30 07:05:51,244 [WARN] PackLoader:240 - Cannot read IP mode file for STMicroelectronics.X-CUBE-AI.8.1.0
2024-12-30 07:05:51,253 [WARN] ConditionMgr:438 - getConditionDescription Invalid condition id : LAN8742 Phy interface Condition cause : null
2024-12-30 07:05:51,254 [WARN] PackLoader:240 - Cannot read IP mode file for STMicroelectronics.X-CUBE-AZRTOS-L4.2.0.0
2024-12-30 07:05:51,254 [WARN] ConditionMgr:1039 - genDependencies : Invalid condition id : LAN8742 Phy interface Condition cause : null
2024-12-30 07:05:51,255 [WARN] ConditionMgr:1039 - genDependencies : Invalid condition id : LAN8742 Phy interface Condition cause : null
2024-12-30 07:05:51,255 [WARN] ConditionMgr:1039 - genDependencies : Invalid condition id : LAN8742 Phy interface Condition cause : null
2024-12-30 07:05:51,259 [WARN] PackLoader:240 - Cannot read IP mode file for STMicroelectronics.X-CUBE-SFXS2LP1.4.0.0
2024-12-30 07:05:51,262 [WARN] PackLoader:240 - Cannot read IP mode file for STMicroelectronics.X-CUBE-AI.5.2.0
2024-12-30 07:05:51,268 [WARN] ConditionMgr:438 - getConditionDescription Invalid condition id : UX DEVICE CLASS RTOS Condition cause : null
2024-12-30 07:05:51,269 [WARN] ConditionMgr:438 - getConditionDescription Invalid condition id : UX DEVICE CLASS RTOS Condition cause : null
2024-12-30 07:05:51,270 [WARN] PackLoader:240 - Cannot read IP mode file for STMicroelectronics.X-CUBE-AZRTOS-WB.2.0.0
2024-12-30 07:05:51,270 [WARN] ConditionMgr:1039 - genDependencies : Invalid condition id : UX DEVICE CLASS RTOS Condition cause : null
2024-12-30 07:05:51,270 [WARN] ConditionMgr:1039 - genDependencies : Invalid condition id : UX DEVICE CLASS RTOS Condition cause : null
2024-12-30 07:05:51,270 [WARN] ConditionMgr:1039 - genDependencies : Invalid condition id : UX DEVICE CLASS RTOS Condition cause : null
2024-12-30 07:05:51,270 [WARN] ConditionMgr:1039 - genDependencies : Invalid condition id : UX DEVICE CLASS RTOS Condition cause : null
2024-12-30 07:05:51,270 [WARN] ConditionMgr:1039 - genDependencies : Invalid condition id : UX DEVICE CLASS RTOS Condition cause : null
2024-12-30 07:05:51,275 [WARN] PackLoader:240 - Cannot read IP mode file for STMicroelectronics.FP-SNS-STBOX1.2.0.0
2024-12-30 07:05:51,298 [WARN] PackLoader:240 - Cannot read IP mode file for STMicroelectronics.X-CUBE-MEMS1.8.2.0
2024-12-30 07:05:51,356 [WARN] PackLoader:240 - Cannot read IP mode file for STMicroelectronics.X-CUBE-SUBG2.5.0.0
2024-12-30 07:05:51,362 [WARN] PackLoader:240 - Cannot read IP mode file for STMicroelectronics.X-CUBE-GNSS1.5.1.0
2024-12-30 07:05:51,370 [WARN] PackLoader:240 - Cannot read IP mode file for STMicroelectronics.X-CUBE-AZRTOS-G4.2.0.0
2024-12-30 07:05:51,379 [WARN] PackLoader:240 - Cannot read IP mode file for Infineon.AIROC-Wi-Fi-Bluetooth-STM32.1.5.1
2024-12-30 07:05:51,384 [WARN] PackLoader:240 - Cannot read IP mode file for STMicroelectronics.FP-SNS-MOTENVWB1.1.3.1
2024-12-30 07:05:51,388 [WARN] PackLoader:240 - Cannot read IP mode file for STMicroelectronics.X-CUBE-ISPU.2.0.0
2024-12-30 07:05:51,393 [WARN] PackLoader:240 - Cannot read IP mode file for STMicroelectronics.X-CUBE-ALS.1.0.2
2024-12-30 07:05:51,413 [WARN] PackLoader:240 - Cannot read IP mode file for STMicroelectronics.X-CUBE-MEMS1.10.0.0
2024-12-30 07:05:51,511 [WARN] PackLoader:240 - Cannot read IP mode file for STMicroelectronics.X-CUBE-FREERTOS.1.1.0
2024-12-30 07:05:51,514 [WARN] PackLoader:240 - Cannot read IP mode file for STMicroelectronics.X-CUBE-TOUCHGFX.4.24.0
2024-12-30 07:05:51,519 [WARN] PackLoader:240 - Cannot read IP mode file for portGmbH.I-Cube-SoM-uGOAL.1.1.0
2024-12-30 07:05:51,522 [WARN] PackLoader:240 - Cannot read IP mode file for STMicroelectronics.X-CUBE-ALS.1.0.1
2024-12-30 07:05:51,532 [WARN] PackLoader:240 - Cannot read IP mode file for STMicroelectronics.X-CUBE-AZRTOS-H7RS.1.0.0
2024-12-30 07:05:51,537 [WARN] PackLoader:240 - Cannot read IP mode file for STMicroelectronics.FP-ATR-ASTRA1.2.0.0
2024-12-30 07:05:51,544 [WARN] PackLoader:240 - Cannot read IP mode file for STMicroelectronics.X-CUBE-TOF1.3.4.0
2024-12-30 07:05:51,555 [WARN] PackLoader:240 - Cannot read IP mode file for STMicroelectronics.X-CUBE-TOF1.3.4.1
2024-12-30 07:05:51,578 [WARN] PackLoader:240 - Cannot read IP mode file for STMicroelectronics.X-CUBE-AZRTOS-H7.3.2.0
2024-12-30 07:05:51,583 [WARN] PackLoader:240 - Cannot read IP mode file for wolfSSL.I-CUBE-wolfSSH.1.4.17
2024-12-30 07:05:51,584 [INFO] ThirdParty:978 - Integrity check success = true
2024-12-30 07:05:51,584 [INFO] IntegrityCheckThread:100 - exiting critical section [integrity check]
2024-12-30 07:05:51,584 [INFO] IntegrityCheckThread:103 - End integrity checks thread
